{"name": "test_cal_sum_1[10-3-12]", "status": "failed", "statusDetails": {"message": "AssertionError: assert 13 == 12", "trace": "input1 = 10, input2 = 3, output = 12\n\n    @pytest.mark.parametrize(\"input1, input2, output\",\n                             [\n                                 (2, 3, 5),\n                                 (5, 5, 10),\n                                 (3, 3, 8),\n                                 (10, 3, 12),\n                                 (5, 6, 10),\n                                 (3, 3, 8)\n                             ]\n                             )\n    def test_cal_sum_1(input1, input2, output):\n        result = sum(input1 , input2)\n>       assert result == output\nE       assert 13 == 12\n\ntest_Parameter_Demo.py:18: AssertionError"}, "parameters": [{"name": "input1", "value": "10"}, {"name": "input2", "value": "3"}, {"name": "output", "value": "12"}], "start": 1563893148502, "stop": 1563893148502, "uuid": "061a33ec-904f-4d96-a63d-1ab65e34bdec", "historyId": "2d01c70f9bbaad8be1670b775a9fd77d", "fullName": "test_Parameter_Demo#test_cal_sum_1[10-3-12]", "labels": [{"name": "parentSuite"}, {"name": "suite", "value": "test_Parameter_Demo"}, {"name": "subSuite"}, {"name": "host", "value": "DESKTOP-G3EPDF1"}, {"name": "thread", "value": "34212-MainThread"}, {"name": "framework", "value": "pytest"}, {"name": "language", "value": "cpython3"}, {"name": "package", "value": "test_Parameter_Demo"}]}