{"name": "test_cal_sum_1[5-6-10]", "status": "failed", "statusDetails": {"message": "AssertionError: assert 11 == 10", "trace": "input1 = 5, input2 = 6, output = 10\n\n    @pytest.mark.parametrize(\"input1, input2, output\",\n                             [\n                                 (2, 3, 5),\n                                 (5, 5, 10),\n                                 (3, 3, 8),\n                                 (10, 3, 12),\n                                 (5, 6, 10),\n                                 (3, 3, 8)\n                             ]\n                             )\n    def test_cal_sum_1(input1, input2, output):\n        result = sum(input1 , input2)\n>       assert result == output\nE       assert 11 == 10\n\ntest_Parameter_Demo.py:18: AssertionError"}, "parameters": [{"name": "input1", "value": "5"}, {"name": "input2", "value": "6"}, {"name": "output", "value": "10"}], "start": 1563893148512, "stop": 1563893148512, "uuid": "1aec46f9-6dc8-4c3c-904c-a99f0df3dd15", "historyId": "66ea8ff4c7bf1d76a9ef5f89221a0aa1", "fullName": "test_Parameter_Demo#test_cal_sum_1[5-6-10]", "labels": [{"name": "parentSuite"}, {"name": "suite", "value": "test_Parameter_Demo"}, {"name": "subSuite"}, {"name": "host", "value": "DESKTOP-G3EPDF1"}, {"name": "thread", "value": "34212-MainThread"}, {"name": "framework", "value": "pytest"}, {"name": "language", "value": "cpython3"}, {"name": "package", "value": "test_Parameter_Demo"}]}