{"name": "test_cal_sum_1[3-3-80]", "status": "failed", "statusDetails": {"message": "AssertionError: assert 6 == 8", "trace": "input1 = 3, input2 = 3, output = 8\n\n    @pytest.mark.parametrize(\"input1, input2, output\",\n                             [\n                                 (2, 3, 5),\n                                 (5, 5, 10),\n                                 (3, 3, 8),\n                                 (10, 3, 12),\n                                 (5, 6, 10),\n                                 (3, 3, 8)\n                             ]\n                             )\n    def test_cal_sum_1(input1, input2, output):\n        result = sum(input1 , input2)\n>       assert result == output\nE       assert 6 == 8\n\ntest_Parameter_Demo.py:18: AssertionError"}, "parameters": [{"name": "input1", "value": "3"}, {"name": "input2", "value": "3"}, {"name": "output", "value": "8"}], "start": 1563893148457, "stop": 1563893148457, "uuid": "48115e26-41eb-444f-9e1f-b86d7b174863", "historyId": "8e65f2359301595eb772de0a7b5da92f", "fullName": "test_Parameter_Demo#test_cal_sum_1[3-3-80]", "labels": [{"name": "parentSuite"}, {"name": "suite", "value": "test_Parameter_Demo"}, {"name": "subSuite"}, {"name": "host", "value": "DESKTOP-G3EPDF1"}, {"name": "thread", "value": "34212-MainThread"}, {"name": "framework", "value": "pytest"}, {"name": "language", "value": "cpython3"}, {"name": "package", "value": "test_Parameter_Demo"}]}